<?xml version="1.0" encoding="UTF-8"?>
<testsuite name="io.appium.espressoserver.test.http.RouteDefinitionTest" tests="2" skipped="0" failures="0" errors="0" timestamp="2017-06-12T21:13:18" hostname="Daniels-MacBook-Pro.local" time="0.006">
  <properties/>
  <testcase name="shouldProperlyParseUriParameters" classname="io.appium.espressoserver.test.http.RouteDefinitionTest" time="0.004"/>
  <testcase name="shouldProperlyParamsRoutesToUri" classname="io.appium.espressoserver.test.http.RouteDefinitionTest" time="0.002"/>
  <system-out><![CDATA[]]></system-out>
  <system-err><![CDATA[]]></system-err>
</testsuite>
